Build started 28/04/2017 12:38:52.
     1>Project "D:\Tolfaine\Jeux\StarCraft\BWAPI\ExampleAIModule\ExampleAIModule.vcxproj" on node 2 (Build target(s)).
     1>ClCompile:
         D:\Tolfaine\Logiciels\VC\bin\CL.exe /c /ID:\Tolfaine\Jeux\StarCraft\BWAPI\include\BWTA /I/include /I/include/BWTA /I../include /Zi /nologo /W3 /WX- /MP /O2 /Oi /Oy- /GL /D NOMINMAX /D WIN32 /D NDEBUG /D _WINDOWS /D _USRDLL /D EXAMPLEAIMODULE_EXPORTS /D _WINDLL /Gm- /EHsc /MD /GS /Gy /fp:precise /Zc:wchar_t /Zc:forScope /Fo"Release\\" /Fd"Release\vc120.pdb" /Gd /TP /analyze- /errorReport:prompt ArmyManager.cpp Base.cpp BaseManager.cpp BuildOrderManager.cpp DefenseManager.cpp InformationManager.cpp MoneyManager.cpp MoodManager.cpp MorphManager.cpp ScoutManager.cpp Source\Dll.cpp Source\ExampleAIModule.cpp SupplyManager.cpp TempoManager.cpp TextInfoManager.cpp UnitsManager.cpp Worker.cpp WorkerManager.cpp
         ArmyManager.cpp
         Base.cpp
         BaseManager.cpp
         BuildOrderManager.cpp
         DefenseManager.cpp
         InformationManager.cpp
         MoodManager.cpp
         MoneyManager.cpp
     1>BaseManager.cpp(317): warning C4018: '<' : signed/unsigned mismatch
     1>BuildOrderManager.cpp(132): warning C4244: 'argument' : conversion from 'time_t' to 'unsigned int', possible loss of data
         MorphManager.cpp
         ScoutManager.cpp
         Dll.cpp
         ExampleAIModule.cpp
         SupplyManager.cpp
         TempoManager.cpp
         TextInfoManager.cpp
         UnitsManager.cpp
         Worker.cpp
         WorkerManager.cpp
       Link:
         D:\Tolfaine\Logiciels\VC\bin\link.exe /ERRORREPORT:PROMPT /OUT:"D:\Tolfaine\Jeux\StarCraft\BWAPI\Release\ExampleAIModule.dll" /INCREMENTAL:NO /NOLOGO ../lib/BWAPI.lib ../lib/BWTA.lib "../lib/libCGAL-vc120-mt-4.4.lib" "../lib/libboost_filesystem-vc120-mt-1_56.lib" "../lib/libboost_thread-vc120-mt-1_56.lib" "../lib/libboost_system-vc120-mt-1_56.lib" "../lib/libboost_filesystem-vc120-mt-gd-1_56.lib" "../lib/libboost_thread-vc120-mt-gd-1_56.lib" "../lib/libboost_system-vc120-mt-gd-1_56.lib" "../lib/libgmp-10.lib" "../lib/libmpfr-4.lib" kernel32.lib user32.lib gdi32.lib winspool.lib comdlg32.lib advapi32.lib shell32.lib ole32.lib oleaut32.lib uuid.lib odbc32.lib odbccp32.lib /MANIFEST /MANIFESTUAC:"level='asInvoker' uiAccess='false'" /manifest:embed /DEBUG /PDB:"D:\Tolfaine\Jeux\StarCraft\BWAPI\Release\ExampleAIModule.pdb" /SUBSYSTEM:WINDOWS /OPT:REF /OPT:ICF /LTCG /TLBID:1 /DYNAMICBASE /NXCOMPAT /IMPLIB:"Release\ExampleAIModule.lib" /MACHINE:X86 /SAFESEH /DLL Release\ArmyManager.obj
         Release\Base.obj
         Release\BaseManager.obj
         Release\BuildOrderManager.obj
         Release\DefenseManager.obj
         Release\InformationManager.obj
         Release\MoneyManager.obj
         Release\MoodManager.obj
         Release\MorphManager.obj
         Release\ScoutManager.obj
         Release\Dll.obj
         Release\ExampleAIModule.obj
         Release\SupplyManager.obj
         Release\TempoManager.obj
         Release\TextInfoManager.obj
         Release\UnitsManager.obj
         Release\Worker.obj
         Release\WorkerManager.obj
            Creating library Release\ExampleAIModule.lib and object Release\ExampleAIModule.exp
         Generating code
         Finished generating code
         ExampleAIModule.vcxproj -> D:\Tolfaine\Jeux\StarCraft\BWAPI\Release\ExampleAIModule.dll
     1>Done Building Project "D:\Tolfaine\Jeux\StarCraft\BWAPI\ExampleAIModule\ExampleAIModule.vcxproj" (Build target(s)).

Build succeeded.

Time Elapsed 00:00:33.93
